# JRE version: OpenJDK Runtime Environment Microsoft-13877129 (17.0.19+10) (build 17.0.19+10-LTS)
# Java VM: OpenJDK 64-Bit Server VM Microsoft-13877129 (17.0.19+10-LTS, mixed mode, sharing, tiered, compressed oops, compressed class ptrs, g1 gc, windows-amd64)
GC Precious Log:
 CPUs: 16 total, 16 available
 Memory: 15724M
 Large Page Support: Disabled
 NUMA Support: Disabled
 Compressed Oops: Enabled (Zero based)
 Heap Region Size: 2M
 Heap Min Capacity: 8M
 Heap Initial Capacity: 246M
 Heap Max Capacity: 3932M
 Pre-touch: Disabled
 Parallel Workers: 13
 Concurrent Workers: 3
 Concurrent Refinement Workers: 13
 Periodic GC: Disabled
Heap:
 garbage-first heap   total 106496K, used 54985K [0x000000070a400000, 0x0000000800000000)
  region size 2048K, 14 young (28672K), 2 survivors (4096K)
 Metaspace       used 61236K, committed 61632K, reserved 1114112K
  class space    used 8925K, committed 9088K, reserved 1048576K
GC Heap History (20 events):
Event: 1.017 GC heap before
{Heap before GC invocations=1 (full 0):
 garbage-first heap   total 251904K, used 28429K [0x000000070a400000, 0x0000000800000000)
  region size 2048K, 14 young (28672K), 2 survivors (4096K)
 Metaspace       used 14360K, committed 14592K, reserved 1114112K
  class space    used 2101K, committed 2240K, reserved 1048576K
}
Event: 1.021 GC heap after
{Heap after GC invocations=2 (full 0):
 garbage-first heap   total 251904K, used 11188K [0x000000070a400000, 0x0000000800000000)
  region size 2048K, 2 young (4096K), 2 survivors (4096K)
 Metaspace       used 14360K, committed 14592K, reserved 1114112K
  class space    used 2101K, committed 2240K, reserved 1048576K
}
Event: 4.823 GC heap before
{Heap before GC invocations=2 (full 0):
 garbage-first heap   total 251904K, used 37812K [0x000000070a400000, 0x0000000800000000)
  region size 2048K, 16 young (32768K), 2 survivors (4096K)
 Metaspace       used 21245K, committed 21504K, reserved 1114112K
  class space    used 3047K, committed 3200K, reserved 1048576K
}
Event: 4.825 GC heap after
{Heap after GC invocations=3 (full 0):
 garbage-first heap   total 251904K, used 16966K [0x000000070a400000, 0x0000000800000000)
  region size 2048K, 4 young (8192K), 4 survivors (8192K)
 Metaspace       used 21245K, committed 21504K, reserved 1114112K
  class space    used 3047K, committed 3200K, reserved 1048576K
}
Event: 5.247 GC heap before
{Heap before GC invocations=4 (full 0):
 garbage-first heap   total 69632K, used 49734K [0x000000070a400000, 0x0000000800000000)
  region size 2048K, 20 young (40960K), 4 survivors (8192K)
 Metaspace       used 30211K, committed 30528K, reserved 1114112K
  class space    used 4258K, committed 4416K, reserved 1048576K
}
Event: 5.251 GC heap after
{Heap after GC invocations=5 (full 0):
 garbage-first heap   total 69632K, used 18343K [0x000000070a400000, 0x0000000800000000)
  region size 2048K, 1 young (2048K), 1 survivors (2048K)
 Metaspace       used 30211K, committed 30528K, reserved 1114112K
  class space    used 4258K, committed 4416K, reserved 1048576K
}
Event: 5.276 GC heap before
{Heap before GC invocations=5 (full 0):
 garbage-first heap   total 69632K, used 20391K [0x000000070a400000, 0x0000000800000000)
  region size 2048K, 2 young (4096K), 1 survivors (2048K)
 Metaspace       used 30837K, committed 31232K, reserved 1114112K
  class space    used 4342K, committed 4544K, reserved 1048576K
}
Event: 5.278 GC heap after
{Heap after GC invocations=6 (full 0):
 garbage-first heap   total 69632K, used 18578K [0x000000070a400000, 0x0000000800000000)
  region size 2048K, 1 young (2048K), 1 survivors (2048K)
 Metaspace       used 30837K, committed 31232K, reserved 1114112K
  class space    used 4342K, committed 4544K, reserved 1048576K
}
Event: 5.525 GC heap before
{Heap before GC invocations=6 (full 0):
 garbage-first heap   total 69632K, used 37010K [0x000000070a400000, 0x0000000800000000)
  region size 2048K, 11 young (22528K), 1 survivors (2048K)
 Metaspace       used 35719K, committed 35968K, reserved 1114112K
  class space    used 4996K, committed 5120K, reserved 1048576K
}
Event: 5.526 GC heap after
{Heap after GC invocations=7 (full 0):
 garbage-first heap   total 69632K, used 19530K [0x000000070a400000, 0x0000000800000000)
  region size 2048K, 1 young (2048K), 1 survivors (2048K)
 Metaspace       used 35719K, committed 35968K, reserved 1114112K
  class space    used 4996K, committed 5120K, reserved 1048576K
}
Event: 5.875 GC heap before
{Heap before GC invocations=8 (full 0):
 garbage-first heap   total 69632K, used 48202K [0x000000070a400000, 0x0000000800000000)
  region size 2048K, 15 young (30720K), 1 survivors (2048K)
 Metaspace       used 44212K, committed 44544K, reserved 1114112K
  class space    used 6343K, committed 6528K, reserved 1048576K
}
Event: 5.876 GC heap after
{Heap after GC invocations=9 (full 0):
 garbage-first heap   total 69632K, used 20739K [0x000000070a400000, 0x0000000800000000)
  region size 2048K, 2 young (4096K), 2 survivors (4096K)
 Metaspace       used 44212K, committed 44544K, reserved 1114112K
  class space    used 6343K, committed 6528K, reserved 1048576K
}
Event: 5.907 GC heap before
{Heap before GC invocations=9 (full 0):
 garbage-first heap   total 69632K, used 22787K [0x000000070a400000, 0x0000000800000000)
  region size 2048K, 3 young (6144K), 2 survivors (4096K)
 Metaspace       used 44733K, committed 45056K, reserved 1114112K
  class space    used 6436K, committed 6592K, reserved 1048576K
}
Event: 5.910 GC heap after
{Heap after GC invocations=10 (full 0):
 garbage-first heap   total 69632K, used 20730K [0x000000070a400000, 0x0000000800000000)
  region size 2048K, 1 young (2048K), 1 survivors (2048K)
 Metaspace       used 44733K, committed 45056K, reserved 1114112K
  class space    used 6436K, committed 6592K, reserved 1048576K
}
Event: 6.179 GC heap before
{Heap before GC invocations=10 (full 0):
 garbage-first heap   total 69632K, used 49402K [0x000000070a400000, 0x0000000800000000)
  region size 2048K, 15 young (30720K), 1 survivors (2048K)
 Metaspace       used 48754K, committed 49216K, reserved 1114112K
  class space    used 6994K, committed 7232K, reserved 1048576K
}
Event: 6.180 GC heap after
{Heap after GC invocations=11 (full 0):
 garbage-first heap   total 106496K, used 21687K [0x000000070a400000, 0x0000000800000000)
  region size 2048K, 1 young (2048K), 1 survivors (2048K)
 Metaspace       used 48754K, committed 49216K, reserved 1114112K
  class space    used 6994K, committed 7232K, reserved 1048576K
}
Event: 9.077 GC heap before
{Heap before GC invocations=11 (full 0):
 garbage-first heap   total 106496K, used 81079K [0x000000070a400000, 0x0000000800000000)
  region size 2048K, 30 young (61440K), 1 survivors (2048K)
 Metaspace       used 59543K, committed 59968K, reserved 1114112K
  class space    used 8650K, committed 8832K, reserved 1048576K
}
Event: 9.081 GC heap after
{Heap after GC invocations=12 (full 0):
 garbage-first heap   total 106496K, used 28388K [0x000000070a400000, 0x0000000800000000)
  region size 2048K, 4 young (8192K), 4 survivors (8192K)
 Metaspace       used 59543K, committed 59968K, reserved 1114112K
  class space    used 8650K, committed 8832K, reserved 1048576K
}
Event: 9.187 GC heap before
{Heap before GC invocations=12 (full 0):
 garbage-first heap   total 106496K, used 36580K [0x000000070a400000, 0x0000000800000000)
  region size 2048K, 9 young (18432K), 4 survivors (8192K)
 Metaspace       used 59836K, committed 60160K, reserved 1114112K
  class space    used 8656K, committed 8832K, reserved 1048576K
}
Event: 9.191 GC heap after
{Heap after GC invocations=13 (full 0):
 garbage-first heap   total 106496K, used 30409K [0x000000070a400000, 0x0000000800000000)
  region size 2048K, 2 young (4096K), 2 survivors (4096K)
 Metaspace       used 59836K, committed 60160K, reserved 1114112K
  class space    used 8656K, committed 8832K, reserved 1048576K
}

