# JRE version: OpenJDK Runtime Environment Microsoft-13877129 (17.0.19+10) (build 17.0.19+10-LTS)
# Java VM: OpenJDK 64-Bit Server VM Microsoft-13877129 (17.0.19+10-LTS, mixed mode, sharing, tiered, compressed oops, compressed class ptrs, g1 gc, windows-amd64)
GC Precious Log:
 CPUs: 16 total, 16 available
 Memory: 15724M
 Large Page Support: Disabled
 NUMA Support: Disabled
 Compressed Oops: Enabled (Zero based)
 Heap Region Size: 2M
 Heap Min Capacity: 8M
 Heap Initial Capacity: 246M
 Heap Max Capacity: 3932M
 Pre-touch: Disabled
 Parallel Workers: 13
 Concurrent Workers: 3
 Concurrent Refinement Workers: 13
 Periodic GC: Disabled
Heap:
 garbage-first heap   total 75776K, used 39797K [0x000000070a400000, 0x0000000800000000)
  region size 2048K, 14 young (28672K), 2 survivors (4096K)
 Metaspace       used 43030K, committed 43328K, reserved 1114112K
  class space    used 6090K, committed 6272K, reserved 1048576K
GC Heap History (10 events):
Event: 0.417 GC heap before
{Heap before GC invocations=0 (full 0):
 garbage-first heap   total 251904K, used 22528K [0x000000070a400000, 0x0000000800000000)
  region size 2048K, 11 young (22528K), 0 survivors (0K)
 Metaspace       used 7739K, committed 8000K, reserved 1114112K
  class space    used 867K, committed 1024K, reserved 1048576K
}
Event: 0.420 GC heap after
{Heap after GC invocations=1 (full 0):
 garbage-first heap   total 251904K, used 5969K [0x000000070a400000, 0x0000000800000000)
  region size 2048K, 2 young (4096K), 2 survivors (4096K)
 Metaspace       used 7739K, committed 8000K, reserved 1114112K
  class space    used 867K, committed 1024K, reserved 1048576K
}
Event: 0.846 GC heap before
{Heap before GC invocations=1 (full 0):
 garbage-first heap   total 251904K, used 28497K [0x000000070a400000, 0x0000000800000000)
  region size 2048K, 14 young (28672K), 2 survivors (4096K)
 Metaspace       used 14275K, committed 14464K, reserved 1114112K
  class space    used 2093K, committed 2176K, reserved 1048576K
}
Event: 0.850 GC heap after
{Heap after GC invocations=2 (full 0):
 garbage-first heap   total 251904K, used 10090K [0x000000070a400000, 0x0000000800000000)
  region size 2048K, 2 young (4096K), 2 survivors (4096K)
 Metaspace       used 14275K, committed 14464K, reserved 1114112K
  class space    used 2093K, committed 2176K, reserved 1048576K
}
Event: 4.948 GC heap before
{Heap before GC invocations=2 (full 0):
 garbage-first heap   total 251904K, used 38762K [0x000000070a400000, 0x0000000800000000)
  region size 2048K, 17 young (34816K), 2 survivors (4096K)
 Metaspace       used 21234K, committed 21504K, reserved 1114112K
  class space    used 3044K, committed 3200K, reserved 1048576K
}
Event: 4.950 GC heap after
{Heap after GC invocations=3 (full 0):
 garbage-first heap   total 251904K, used 16723K [0x000000070a400000, 0x0000000800000000)
  region size 2048K, 5 young (10240K), 5 survivors (10240K)
 Metaspace       used 21234K, committed 21504K, reserved 1114112K
  class space    used 3044K, committed 3200K, reserved 1048576K
}
Event: 5.632 GC heap before
{Heap before GC invocations=4 (full 0):
 garbage-first heap   total 69632K, used 65875K [0x000000070a400000, 0x0000000800000000)
  region size 2048K, 29 young (59392K), 5 survivors (10240K)
 Metaspace       used 35182K, committed 35456K, reserved 1114112K
  class space    used 4926K, committed 5056K, reserved 1048576K
}
Event: 5.637 GC heap after
{Heap after GC invocations=5 (full 0):
 garbage-first heap   total 79872K, used 19265K [0x000000070a400000, 0x0000000800000000)
  region size 2048K, 2 young (4096K), 2 survivors (4096K)
 Metaspace       used 35182K, committed 35456K, reserved 1114112K
  class space    used 4926K, committed 5056K, reserved 1048576K
}
Event: 5.675 GC heap before
{Heap before GC invocations=5 (full 0):
 garbage-first heap   total 79872K, used 21313K [0x000000070a400000, 0x0000000800000000)
  region size 2048K, 4 young (8192K), 2 survivors (4096K)
 Metaspace       used 35718K, committed 35968K, reserved 1114112K
  class space    used 4998K, committed 5120K, reserved 1048576K
}
Event: 5.677 GC heap after
{Heap after GC invocations=6 (full 0):
 garbage-first heap   total 79872K, used 19317K [0x000000070a400000, 0x0000000800000000)
  region size 2048K, 2 young (4096K), 2 survivors (4096K)
 Metaspace       used 35718K, committed 35968K, reserved 1114112K
  class space    used 4998K, committed 5120K, reserved 1048576K
}

