# JRE version: OpenJDK Runtime Environment Microsoft-13877129 (17.0.19+10) (build 17.0.19+10-LTS)
# Java VM: OpenJDK 64-Bit Server VM Microsoft-13877129 (17.0.19+10-LTS, mixed mode, sharing, tiered, compressed oops, compressed class ptrs, g1 gc, windows-amd64)
GC Precious Log:
 CPUs: 16 total, 16 available
 Memory: 15724M
 Large Page Support: Disabled
 NUMA Support: Disabled
 Compressed Oops: Enabled (Zero based)
 Heap Region Size: 2M
 Heap Min Capacity: 8M
 Heap Initial Capacity: 246M
 Heap Max Capacity: 3932M
 Pre-touch: Disabled
 Parallel Workers: 13
 Concurrent Workers: 3
 Concurrent Refinement Workers: 13
 Periodic GC: Disabled
Heap:
 garbage-first heap   total 90112K, used 39712K [0x000000070a400000, 0x0000000800000000)
  region size 2048K, 4 young (8192K), 1 survivors (2048K)
 Metaspace       used 64499K, committed 64960K, reserved 1114112K
  class space    used 9196K, committed 9408K, reserved 1048576K
GC Heap History (20 events):
Event: 48.110 GC heap before
{Heap before GC invocations=19 (full 0):
 garbage-first heap   total 86016K, used 65166K [0x000000070a400000, 0x0000000800000000)
  region size 2048K, 11 young (22528K), 2 survivors (4096K)
 Metaspace       used 64120K, committed 64576K, reserved 1114112K
  class space    used 9184K, committed 9408K, reserved 1048576K
}
Event: 48.113 GC heap after
{Heap after GC invocations=20 (full 0):
 garbage-first heap   total 86016K, used 47109K [0x000000070a400000, 0x0000000800000000)
  region size 2048K, 2 young (4096K), 2 survivors (4096K)
 Metaspace       used 64120K, committed 64576K, reserved 1114112K
  class space    used 9184K, committed 9408K, reserved 1048576K
}
Event: 48.460 GC heap before
{Heap before GC invocations=21 (full 0):
 garbage-first heap   total 90112K, used 63493K [0x000000070a400000, 0x0000000800000000)
  region size 2048K, 10 young (20480K), 2 survivors (4096K)
 Metaspace       used 64213K, committed 64704K, reserved 1114112K
  class space    used 9185K, committed 9408K, reserved 1048576K
}
Event: 48.462 GC heap after
{Heap after GC invocations=22 (full 0):
 garbage-first heap   total 90112K, used 46889K [0x000000070a400000, 0x0000000800000000)
  region size 2048K, 2 young (4096K), 2 survivors (4096K)
 Metaspace       used 64213K, committed 64704K, reserved 1114112K
  class space    used 9185K, committed 9408K, reserved 1048576K
}
Event: 48.466 GC heap before
{Heap before GC invocations=22 (full 0):
 garbage-first heap   total 90112K, used 48937K [0x000000070a400000, 0x0000000800000000)
  region size 2048K, 3 young (6144K), 2 survivors (4096K)
 Metaspace       used 64213K, committed 64704K, reserved 1114112K
  class space    used 9185K, committed 9408K, reserved 1048576K
}
Event: 48.468 GC heap after
{Heap after GC invocations=23 (full 0):
 garbage-first heap   total 90112K, used 38220K [0x000000070a400000, 0x0000000800000000)
  region size 2048K, 1 young (2048K), 1 survivors (2048K)
 Metaspace       used 64213K, committed 64704K, reserved 1114112K
  class space    used 9185K, committed 9408K, reserved 1048576K
}
Event: 48.473 GC heap before
{Heap before GC invocations=23 (full 0):
 garbage-first heap   total 90112K, used 40268K [0x000000070a400000, 0x0000000800000000)
  region size 2048K, 2 young (4096K), 1 survivors (2048K)
 Metaspace       used 64213K, committed 64704K, reserved 1114112K
  class space    used 9185K, committed 9408K, reserved 1048576K
}
Event: 48.474 GC heap after
{Heap after GC invocations=24 (full 0):
 garbage-first heap   total 90112K, used 37381K [0x000000070a400000, 0x0000000800000000)
  region size 2048K, 1 young (2048K), 1 survivors (2048K)
 Metaspace       used 64213K, committed 64704K, reserved 1114112K
  class space    used 9185K, committed 9408K, reserved 1048576K
}
Event: 51.005 GC heap before
{Heap before GC invocations=24 (full 0):
 garbage-first heap   total 90112K, used 66053K [0x000000070a400000, 0x0000000800000000)
  region size 2048K, 15 young (30720K), 1 survivors (2048K)
 Metaspace       used 64302K, committed 64768K, reserved 1114112K
  class space    used 9186K, committed 9408K, reserved 1048576K
}
Event: 51.007 GC heap after
{Heap after GC invocations=25 (full 0):
 garbage-first heap   total 90112K, used 40764K [0x000000070a400000, 0x0000000800000000)
  region size 2048K, 2 young (4096K), 2 survivors (4096K)
 Metaspace       used 64302K, committed 64768K, reserved 1114112K
  class space    used 9186K, committed 9408K, reserved 1048576K
}
Event: 57.901 GC heap before
{Heap before GC invocations=25 (full 0):
 garbage-first heap   total 90112K, used 67388K [0x000000070a400000, 0x0000000800000000)
  region size 2048K, 15 young (30720K), 2 survivors (4096K)
 Metaspace       used 64387K, committed 64832K, reserved 1114112K
  class space    used 9191K, committed 9408K, reserved 1048576K
}
Event: 57.904 GC heap after
{Heap after GC invocations=26 (full 0):
 garbage-first heap   total 90112K, used 41859K [0x000000070a400000, 0x0000000800000000)
  region size 2048K, 2 young (4096K), 2 survivors (4096K)
 Metaspace       used 64387K, committed 64832K, reserved 1114112K
  class space    used 9191K, committed 9408K, reserved 1048576K
}
Event: 64.672 GC heap before
{Heap before GC invocations=26 (full 0):
 garbage-first heap   total 90112K, used 66435K [0x000000070a400000, 0x0000000800000000)
  region size 2048K, 14 young (28672K), 2 survivors (4096K)
 Metaspace       used 64415K, committed 64832K, reserved 1114112K
  class space    used 9191K, committed 9408K, reserved 1048576K
}
Event: 64.674 GC heap after
{Heap after GC invocations=27 (full 0):
 garbage-first heap   total 90112K, used 42386K [0x000000070a400000, 0x0000000800000000)
  region size 2048K, 1 young (2048K), 1 survivors (2048K)
 Metaspace       used 64415K, committed 64832K, reserved 1114112K
  class space    used 9191K, committed 9408K, reserved 1048576K
}
Event: 68.748 GC heap before
{Heap before GC invocations=28 (full 0):
 garbage-first heap   total 90112K, used 66962K [0x000000070a400000, 0x0000000800000000)
  region size 2048K, 14 young (28672K), 1 survivors (2048K)
 Metaspace       used 64434K, committed 64896K, reserved 1114112K
  class space    used 9191K, committed 9408K, reserved 1048576K
}
Event: 68.749 GC heap after
{Heap after GC invocations=29 (full 0):
 garbage-first heap   total 90112K, used 40038K [0x000000070a400000, 0x0000000800000000)
  region size 2048K, 1 young (2048K), 1 survivors (2048K)
 Metaspace       used 64434K, committed 64896K, reserved 1114112K
  class space    used 9191K, committed 9408K, reserved 1048576K
}
Event: 68.833 GC heap before
{Heap before GC invocations=29 (full 0):
 garbage-first heap   total 90112K, used 42086K [0x000000070a400000, 0x0000000800000000)
  region size 2048K, 2 young (4096K), 1 survivors (2048K)
 Metaspace       used 64434K, committed 64896K, reserved 1114112K
  class space    used 9191K, committed 9408K, reserved 1048576K
}
Event: 68.834 GC heap after
{Heap after GC invocations=30 (full 0):
 garbage-first heap   total 90112K, used 35265K [0x000000070a400000, 0x0000000800000000)
  region size 2048K, 1 young (2048K), 1 survivors (2048K)
 Metaspace       used 64434K, committed 64896K, reserved 1114112K
  class space    used 9191K, committed 9408K, reserved 1048576K
}
Event: 79.850 GC heap before
{Heap before GC invocations=30 (full 0):
 garbage-first heap   total 90112K, used 68033K [0x000000070a400000, 0x0000000800000000)
  region size 2048K, 17 young (34816K), 1 survivors (2048K)
 Metaspace       used 64462K, committed 64960K, reserved 1114112K
  class space    used 9191K, committed 9408K, reserved 1048576K
}
Event: 79.851 GC heap after
{Heap after GC invocations=31 (full 0):
 garbage-first heap   total 90112K, used 35616K [0x000000070a400000, 0x0000000800000000)
  region size 2048K, 1 young (2048K), 1 survivors (2048K)
 Metaspace       used 64462K, committed 64960K, reserved 1114112K
  class space    used 9191K, committed 9408K, reserved 1048576K
}

